  OpenGL 2D house.cpp
D:\work\uni\OpenGL 2D house\OpenGL 2D house\OpenGL 2D house.cpp(43,29): warning C4305:  'argument': truncation from 'double' to 'GLfloat'
D:\work\uni\OpenGL 2D house\OpenGL 2D house\OpenGL 2D house.cpp(44,29): warning C4305:  'argument': truncation from 'double' to 'GLfloat'
D:\work\uni\OpenGL 2D house\OpenGL 2D house\OpenGL 2D house.cpp(45,28): warning C4305:  'argument': truncation from 'double' to 'GLfloat'
D:\work\uni\OpenGL 2D house\OpenGL 2D house\OpenGL 2D house.cpp(46,28): warning C4305:  'argument': truncation from 'double' to 'GLfloat'
D:\work\uni\OpenGL 2D house\OpenGL 2D house\OpenGL 2D house.cpp(55,28): warning C4305:  'argument': truncation from 'double' to 'GLfloat'
D:\work\uni\OpenGL 2D house\OpenGL 2D house\OpenGL 2D house.cpp(56,29): warning C4305:  'argument': truncation from 'double' to 'GLfloat'
D:\work\uni\OpenGL 2D house\OpenGL 2D house\OpenGL 2D house.cpp(57,27): warning C4305:  'argument': truncation from 'double' to 'GLfloat'
D:\work\uni\OpenGL 2D house\OpenGL 2D house\OpenGL 2D house.cpp(65,29): warning C4305:  'argument': truncation from 'double' to 'GLfloat'
D:\work\uni\OpenGL 2D house\OpenGL 2D house\OpenGL 2D house.cpp(66,29): warning C4305:  'argument': truncation from 'double' to 'GLfloat'
D:\work\uni\OpenGL 2D house\OpenGL 2D house\OpenGL 2D house.cpp(67,28): warning C4305:  'argument': truncation from 'double' to 'GLfloat'
D:\work\uni\OpenGL 2D house\OpenGL 2D house\OpenGL 2D house.cpp(74,29): warning C4305:  'argument': truncation from 'double' to 'GLfloat'
D:\work\uni\OpenGL 2D house\OpenGL 2D house\OpenGL 2D house.cpp(75,29): warning C4305:  'argument': truncation from 'double' to 'GLfloat'
D:\work\uni\OpenGL 2D house\OpenGL 2D house\OpenGL 2D house.cpp(76,28): warning C4305:  'argument': truncation from 'double' to 'GLfloat'
D:\work\uni\OpenGL 2D house\OpenGL 2D house\OpenGL 2D house.cpp(77,28): warning C4305:  'argument': truncation from 'double' to 'GLfloat'
D:\work\uni\OpenGL 2D house\OpenGL 2D house\OpenGL 2D house.cpp(79,29): warning C4305:  'argument': truncation from 'double' to 'GLfloat'
D:\work\uni\OpenGL 2D house\OpenGL 2D house\OpenGL 2D house.cpp(80,29): warning C4305:  'argument': truncation from 'double' to 'GLfloat'
D:\work\uni\OpenGL 2D house\OpenGL 2D house\OpenGL 2D house.cpp(81,28): warning C4305:  'argument': truncation from 'double' to 'GLfloat'
D:\work\uni\OpenGL 2D house\OpenGL 2D house\OpenGL 2D house.cpp(82,28): warning C4305:  'argument': truncation from 'double' to 'GLfloat'
D:\work\uni\OpenGL 2D house\OpenGL 2D house\OpenGL 2D house.cpp(84,29): warning C4305:  'argument': truncation from 'double' to 'GLfloat'
D:\work\uni\OpenGL 2D house\OpenGL 2D house\OpenGL 2D house.cpp(85,29): warning C4305:  'argument': truncation from 'double' to 'GLfloat'
D:\work\uni\OpenGL 2D house\OpenGL 2D house\OpenGL 2D house.cpp(86,28): warning C4305:  'argument': truncation from 'double' to 'GLfloat'
D:\work\uni\OpenGL 2D house\OpenGL 2D house\OpenGL 2D house.cpp(87,28): warning C4305:  'argument': truncation from 'double' to 'GLfloat'
D:\work\uni\OpenGL 2D house\OpenGL 2D house\OpenGL 2D house.cpp(94,30): warning C4305:  'argument': truncation from 'double' to 'GLfloat'
D:\work\uni\OpenGL 2D house\OpenGL 2D house\OpenGL 2D house.cpp(95,30): warning C4305:  'argument': truncation from 'double' to 'GLfloat'
D:\work\uni\OpenGL 2D house\OpenGL 2D house\OpenGL 2D house.cpp(96,29): warning C4305:  'argument': truncation from 'double' to 'GLfloat'
D:\work\uni\OpenGL 2D house\OpenGL 2D house\OpenGL 2D house.cpp(97,29): warning C4305:  'argument': truncation from 'double' to 'GLfloat'
D:\work\uni\OpenGL 2D house\OpenGL 2D house\OpenGL 2D house.cpp(100,30): warning C4305:  'argument': truncation from 'double' to 'GLfloat'
D:\work\uni\OpenGL 2D house\OpenGL 2D house\OpenGL 2D house.cpp(101,30): warning C4305:  'argument': truncation from 'double' to 'GLfloat'
D:\work\uni\OpenGL 2D house\OpenGL 2D house\OpenGL 2D house.cpp(102,29): warning C4305:  'argument': truncation from 'double' to 'GLfloat'
D:\work\uni\OpenGL 2D house\OpenGL 2D house\OpenGL 2D house.cpp(103,29): warning C4305:  'argument': truncation from 'double' to 'GLfloat'
D:\work\uni\OpenGL 2D house\OpenGL 2D house\OpenGL 2D house.cpp(110,30): warning C4305:  'argument': truncation from 'double' to 'GLfloat'
D:\work\uni\OpenGL 2D house\OpenGL 2D house\OpenGL 2D house.cpp(111,33): warning C4305:  'argument': truncation from 'double' to 'GLfloat'
D:\work\uni\OpenGL 2D house\OpenGL 2D house\OpenGL 2D house.cpp(112,32): warning C4305:  'argument': truncation from 'double' to 'GLfloat'
D:\work\uni\OpenGL 2D house\OpenGL 2D house\OpenGL 2D house.cpp(113,29): warning C4305:  'argument': truncation from 'double' to 'GLfloat'
D:\work\uni\OpenGL 2D house\OpenGL 2D house\OpenGL 2D house.cpp(121,27): warning C4305:  'argument': truncation from 'double' to 'GLfloat'
D:\work\uni\OpenGL 2D house\OpenGL 2D house\OpenGL 2D house.cpp(122,28): warning C4305:  'argument': truncation from 'double' to 'GLfloat'
D:\work\uni\OpenGL 2D house\OpenGL 2D house\OpenGL 2D house.cpp(123,29): warning C4305:  'argument': truncation from 'double' to 'GLfloat'
D:\work\uni\OpenGL 2D house\OpenGL 2D house\OpenGL 2D house.cpp(126,26): warning C4305:  'argument': truncation from 'double' to 'GLfloat'
D:\work\uni\OpenGL 2D house\OpenGL 2D house\OpenGL 2D house.cpp(127,27): warning C4305:  'argument': truncation from 'double' to 'GLfloat'
D:\work\uni\OpenGL 2D house\OpenGL 2D house\OpenGL 2D house.cpp(128,28): warning C4305:  'argument': truncation from 'double' to 'GLfloat'
D:\work\uni\OpenGL 2D house\OpenGL 2D house\OpenGL 2D house.cpp(135,28): warning C4305:  'argument': truncation from 'double' to 'GLfloat'
D:\work\uni\OpenGL 2D house\OpenGL 2D house\OpenGL 2D house.cpp(136,27): warning C4305:  'argument': truncation from 'double' to 'GLfloat'
D:\work\uni\OpenGL 2D house\OpenGL 2D house\OpenGL 2D house.cpp(137,27): warning C4305:  'argument': truncation from 'double' to 'GLfloat'
D:\work\uni\OpenGL 2D house\OpenGL 2D house\OpenGL 2D house.cpp(138,28): warning C4305:  'argument': truncation from 'double' to 'GLfloat'
D:\work\uni\OpenGL 2D house\OpenGL 2D house\OpenGL 2D house.cpp(147,29): warning C4305:  'argument': truncation from 'double' to 'GLfloat'
D:\work\uni\OpenGL 2D house\OpenGL 2D house\OpenGL 2D house.cpp(148,28): warning C4305:  'argument': truncation from 'double' to 'GLfloat'
D:\work\uni\OpenGL 2D house\OpenGL 2D house\OpenGL 2D house.cpp(149,29): warning C4305:  'argument': truncation from 'double' to 'GLfloat'
D:\work\uni\OpenGL 2D house\OpenGL 2D house\OpenGL 2D house.cpp(150,30): warning C4305:  'argument': truncation from 'double' to 'GLfloat'
D:\work\uni\OpenGL 2D house\OpenGL 2D house\OpenGL 2D house.cpp(153,30): warning C4305:  'argument': truncation from 'double' to 'GLfloat'
D:\work\uni\OpenGL 2D house\OpenGL 2D house\OpenGL 2D house.cpp(154,29): warning C4305:  'argument': truncation from 'double' to 'GLfloat'
D:\work\uni\OpenGL 2D house\OpenGL 2D house\OpenGL 2D house.cpp(155,29): warning C4305:  'argument': truncation from 'double' to 'GLfloat'
D:\work\uni\OpenGL 2D house\OpenGL 2D house\OpenGL 2D house.cpp(156,30): warning C4305:  'argument': truncation from 'double' to 'GLfloat'
D:\work\uni\OpenGL 2D house\OpenGL 2D house\OpenGL 2D house.cpp(159,30): warning C4305:  'argument': truncation from 'double' to 'GLfloat'
D:\work\uni\OpenGL 2D house\OpenGL 2D house\OpenGL 2D house.cpp(160,29): warning C4305:  'argument': truncation from 'double' to 'GLfloat'
D:\work\uni\OpenGL 2D house\OpenGL 2D house\OpenGL 2D house.cpp(161,29): warning C4305:  'argument': truncation from 'double' to 'GLfloat'
D:\work\uni\OpenGL 2D house\OpenGL 2D house\OpenGL 2D house.cpp(162,30): warning C4305:  'argument': truncation from 'double' to 'GLfloat'
D:\work\uni\OpenGL 2D house\OpenGL 2D house\OpenGL 2D house.cpp(166,30): warning C4305:  'argument': truncation from 'double' to 'GLfloat'
D:\work\uni\OpenGL 2D house\OpenGL 2D house\OpenGL 2D house.cpp(167,29): warning C4305:  'argument': truncation from 'double' to 'GLfloat'
D:\work\uni\OpenGL 2D house\OpenGL 2D house\OpenGL 2D house.cpp(168,29): warning C4305:  'argument': truncation from 'double' to 'GLfloat'
D:\work\uni\OpenGL 2D house\OpenGL 2D house\OpenGL 2D house.cpp(169,30): warning C4305:  'argument': truncation from 'double' to 'GLfloat'
D:\work\uni\OpenGL 2D house\OpenGL 2D house\OpenGL 2D house.cpp(172,30): warning C4305:  'argument': truncation from 'double' to 'GLfloat'
D:\work\uni\OpenGL 2D house\OpenGL 2D house\OpenGL 2D house.cpp(173,29): warning C4305:  'argument': truncation from 'double' to 'GLfloat'
D:\work\uni\OpenGL 2D house\OpenGL 2D house\OpenGL 2D house.cpp(174,29): warning C4305:  'argument': truncation from 'double' to 'GLfloat'
D:\work\uni\OpenGL 2D house\OpenGL 2D house\OpenGL 2D house.cpp(175,30): warning C4305:  'argument': truncation from 'double' to 'GLfloat'
D:\work\uni\OpenGL 2D house\OpenGL 2D house\OpenGL 2D house.cpp(178,30): warning C4305:  'argument': truncation from 'double' to 'GLfloat'
D:\work\uni\OpenGL 2D house\OpenGL 2D house\OpenGL 2D house.cpp(179,29): warning C4305:  'argument': truncation from 'double' to 'GLfloat'
D:\work\uni\OpenGL 2D house\OpenGL 2D house\OpenGL 2D house.cpp(180,29): warning C4305:  'argument': truncation from 'double' to 'GLfloat'
D:\work\uni\OpenGL 2D house\OpenGL 2D house\OpenGL 2D house.cpp(181,30): warning C4305:  'argument': truncation from 'double' to 'GLfloat'
D:\work\uni\OpenGL 2D house\OpenGL 2D house\OpenGL 2D house.cpp(185,30): warning C4305:  'argument': truncation from 'double' to 'GLfloat'
D:\work\uni\OpenGL 2D house\OpenGL 2D house\OpenGL 2D house.cpp(186,29): warning C4305:  'argument': truncation from 'double' to 'GLfloat'
D:\work\uni\OpenGL 2D house\OpenGL 2D house\OpenGL 2D house.cpp(187,29): warning C4305:  'argument': truncation from 'double' to 'GLfloat'
D:\work\uni\OpenGL 2D house\OpenGL 2D house\OpenGL 2D house.cpp(188,30): warning C4305:  'argument': truncation from 'double' to 'GLfloat'
D:\work\uni\OpenGL 2D house\OpenGL 2D house\OpenGL 2D house.cpp(191,30): warning C4305:  'argument': truncation from 'double' to 'GLfloat'
D:\work\uni\OpenGL 2D house\OpenGL 2D house\OpenGL 2D house.cpp(192,29): warning C4305:  'argument': truncation from 'double' to 'GLfloat'
D:\work\uni\OpenGL 2D house\OpenGL 2D house\OpenGL 2D house.cpp(193,29): warning C4305:  'argument': truncation from 'double' to 'GLfloat'
D:\work\uni\OpenGL 2D house\OpenGL 2D house\OpenGL 2D house.cpp(194,30): warning C4305:  'argument': truncation from 'double' to 'GLfloat'
D:\work\uni\OpenGL 2D house\OpenGL 2D house\OpenGL 2D house.cpp(197,30): warning C4305:  'argument': truncation from 'double' to 'GLfloat'
D:\work\uni\OpenGL 2D house\OpenGL 2D house\OpenGL 2D house.cpp(198,29): warning C4305:  'argument': truncation from 'double' to 'GLfloat'
D:\work\uni\OpenGL 2D house\OpenGL 2D house\OpenGL 2D house.cpp(199,29): warning C4305:  'argument': truncation from 'double' to 'GLfloat'
D:\work\uni\OpenGL 2D house\OpenGL 2D house\OpenGL 2D house.cpp(200,30): warning C4305:  'argument': truncation from 'double' to 'GLfloat'
D:\work\uni\OpenGL 2D house\OpenGL 2D house\OpenGL 2D house.cpp(208,31): warning C4305:  'argument': truncation from 'double' to 'GLfloat'
D:\work\uni\OpenGL 2D house\OpenGL 2D house\OpenGL 2D house.cpp(209,30): warning C4305:  'argument': truncation from 'double' to 'GLfloat'
D:\work\uni\OpenGL 2D house\OpenGL 2D house\OpenGL 2D house.cpp(210,30): warning C4305:  'argument': truncation from 'double' to 'GLfloat'
D:\work\uni\OpenGL 2D house\OpenGL 2D house\OpenGL 2D house.cpp(211,31): warning C4305:  'argument': truncation from 'double' to 'GLfloat'
D:\work\uni\OpenGL 2D house\OpenGL 2D house\OpenGL 2D house.cpp(216,26): warning C4305:  'initializing': truncation from 'double' to 'float'
D:\work\uni\OpenGL 2D house\OpenGL 2D house\OpenGL 2D house.cpp(229,33): warning C4305:  'argument': truncation from 'double' to 'float'
  OpenGL 2D house.vcxproj -> D:\work\uni\OpenGL 2D house\Debug\OpenGL 2D house.exe
